2024-07-02 15:59:07 [http-nio-8081-exec-1] UncaughtExceptionAdvice.exceptionHandler::lj.exception.user.AuthorizationException
2024-07-02 15:59:16 [http-nio-8081-exec-7] UncaughtExceptionAdvice.exceptionHandler::org.springframework.dao.DataIntegrityViolationException: 
### Error updating database.  Cause: java.sql.SQLIntegrityConstraintViolationException: Cannot delete or update a parent row: a foreign key constraint fails (`lawofficecrm_develop`.`clientfollow`, CONSTRAINT `FK_Relationship_10` FOREIGN KEY (`clientId`) REFERENCES `clientinfo` (`clientId`) ON DELETE RESTRICT ON UPDATE RESTRICT)
### The error may exist in file [/Users/chengwenhao/Desktop/Project/Idea/lawofficecrm_test/target/classes/lj/mapper/client/ClientInfoMapper.xml]
### The error may involve lj.mapper.client.ClientInfoMapper.deleteById-Inline
### The error occurred while setting parameters
### SQL: -- 删除 clientAssign 表中的内容       DELETE FROM clientAssign WHERE clientId=?;  -- 删除 clientInfo 表中的内容       DELETE FROM clientInfo WHERE clientId=?;  -- 提交事务
### Cause: java.sql.SQLIntegrityConstraintViolationException: Cannot delete or update a parent row: a foreign key constraint fails (`lawofficecrm_develop`.`clientfollow`, CONSTRAINT `FK_Relationship_10` FOREIGN KEY (`clientId`) REFERENCES `clientinfo` (`clientId`) ON DELETE RESTRICT ON UPDATE RESTRICT)
; Cannot delete or update a parent row: a foreign key constraint fails (`lawofficecrm_develop`.`clientfollow`, CONSTRAINT `FK_Relationship_10` FOREIGN KEY (`clientId`) REFERENCES `clientinfo` (`clientId`) ON DELETE RESTRICT ON UPDATE RESTRICT); nested exception is java.sql.SQLIntegrityConstraintViolationException: Cannot delete or update a parent row: a foreign key constraint fails (`lawofficecrm_develop`.`clientfollow`, CONSTRAINT `FK_Relationship_10` FOREIGN KEY (`clientId`) REFERENCES `clientinfo` (`clientId`) ON DELETE RESTRICT ON UPDATE RESTRICT)
2024-07-02 16:01:05 [http-nio-8081-exec-9] UncaughtExceptionAdvice.exceptionHandler::org.springframework.dao.DataIntegrityViolationException: 
### Error updating database.  Cause: java.sql.SQLIntegrityConstraintViolationException: Cannot delete or update a parent row: a foreign key constraint fails (`lawofficecrm_develop`.`clientfollow`, CONSTRAINT `FK_Relationship_10` FOREIGN KEY (`clientId`) REFERENCES `clientinfo` (`clientId`) ON DELETE RESTRICT ON UPDATE RESTRICT)
### The error may exist in file [/Users/chengwenhao/Desktop/Project/Idea/lawofficecrm_test/target/classes/lj/mapper/client/ClientInfoMapper.xml]
### The error may involve lj.mapper.client.ClientInfoMapper.deleteById-Inline
### The error occurred while setting parameters
### SQL: -- 删除 clientAssign 表中的内容       DELETE FROM clientAssign WHERE clientId=?;  -- 删除 clientInfo 表中的内容       DELETE FROM clientInfo WHERE clientId=?;  -- 提交事务
### Cause: java.sql.SQLIntegrityConstraintViolationException: Cannot delete or update a parent row: a foreign key constraint fails (`lawofficecrm_develop`.`clientfollow`, CONSTRAINT `FK_Relationship_10` FOREIGN KEY (`clientId`) REFERENCES `clientinfo` (`clientId`) ON DELETE RESTRICT ON UPDATE RESTRICT)
; Cannot delete or update a parent row: a foreign key constraint fails (`lawofficecrm_develop`.`clientfollow`, CONSTRAINT `FK_Relationship_10` FOREIGN KEY (`clientId`) REFERENCES `clientinfo` (`clientId`) ON DELETE RESTRICT ON UPDATE RESTRICT); nested exception is java.sql.SQLIntegrityConstraintViolationException: Cannot delete or update a parent row: a foreign key constraint fails (`lawofficecrm_develop`.`clientfollow`, CONSTRAINT `FK_Relationship_10` FOREIGN KEY (`clientId`) REFERENCES `clientinfo` (`clientId`) ON DELETE RESTRICT ON UPDATE RESTRICT)
2024-07-02 16:01:55 [http-nio-8081-exec-5] UncaughtExceptionAdvice.exceptionHandler::org.springframework.dao.DataIntegrityViolationException: 
### Error updating database.  Cause: java.sql.SQLIntegrityConstraintViolationException: Cannot delete or update a parent row: a foreign key constraint fails (`lawofficecrm_develop`.`clientfollow`, CONSTRAINT `FK_Relationship_10` FOREIGN KEY (`clientId`) REFERENCES `clientinfo` (`clientId`) ON DELETE RESTRICT ON UPDATE RESTRICT)
### The error may exist in file [/Users/chengwenhao/Desktop/Project/Idea/lawofficecrm_test/target/classes/lj/mapper/client/ClientInfoMapper.xml]
### The error may involve lj.mapper.client.ClientInfoMapper.deleteById-Inline
### The error occurred while setting parameters
### SQL: -- 删除 clientAssign 表中的内容       DELETE FROM clientAssign WHERE clientId=?;  -- 删除 clientInfo 表中的内容       DELETE FROM clientInfo WHERE clientId=?;  -- 提交事务
### Cause: java.sql.SQLIntegrityConstraintViolationException: Cannot delete or update a parent row: a foreign key constraint fails (`lawofficecrm_develop`.`clientfollow`, CONSTRAINT `FK_Relationship_10` FOREIGN KEY (`clientId`) REFERENCES `clientinfo` (`clientId`) ON DELETE RESTRICT ON UPDATE RESTRICT)
; Cannot delete or update a parent row: a foreign key constraint fails (`lawofficecrm_develop`.`clientfollow`, CONSTRAINT `FK_Relationship_10` FOREIGN KEY (`clientId`) REFERENCES `clientinfo` (`clientId`) ON DELETE RESTRICT ON UPDATE RESTRICT); nested exception is java.sql.SQLIntegrityConstraintViolationException: Cannot delete or update a parent row: a foreign key constraint fails (`lawofficecrm_develop`.`clientfollow`, CONSTRAINT `FK_Relationship_10` FOREIGN KEY (`clientId`) REFERENCES `clientinfo` (`clientId`) ON DELETE RESTRICT ON UPDATE RESTRICT)
2024-07-02 16:03:00 [http-nio-8081-exec-1] UncaughtExceptionAdvice.exceptionHandler::lj.exception.user.AuthorizationException
2024-07-02 16:04:11 [http-nio-8081-exec-6] UncaughtExceptionAdvice.exceptionHandler::org.springframework.dao.DataIntegrityViolationException: 
### Error updating database.  Cause: java.sql.SQLIntegrityConstraintViolationException: Cannot delete or update a parent row: a foreign key constraint fails (`lawofficecrm_develop`.`clientrelation`, CONSTRAINT `FK_Relationship_26` FOREIGN KEY (`clientId1`) REFERENCES `clientinfo` (`clientId`) ON DELETE RESTRICT ON UPDATE RESTRICT)
### The error may exist in file [/Users/chengwenhao/Desktop/Project/Idea/lawofficecrm_test/target/classes/lj/mapper/client/ClientInfoMapper.xml]
### The error may involve lj.mapper.client.ClientInfoMapper.deleteById-Inline
### The error occurred while setting parameters
### SQL: START TRANSACTION;       DELETE FROM clientAssign WHERE clientId=?;       DELETE FROM clientInfo WHERE clientId=?;       COMMIT;
### Cause: java.sql.SQLIntegrityConstraintViolationException: Cannot delete or update a parent row: a foreign key constraint fails (`lawofficecrm_develop`.`clientrelation`, CONSTRAINT `FK_Relationship_26` FOREIGN KEY (`clientId1`) REFERENCES `clientinfo` (`clientId`) ON DELETE RESTRICT ON UPDATE RESTRICT)
; Cannot delete or update a parent row: a foreign key constraint fails (`lawofficecrm_develop`.`clientrelation`, CONSTRAINT `FK_Relationship_26` FOREIGN KEY (`clientId1`) REFERENCES `clientinfo` (`clientId`) ON DELETE RESTRICT ON UPDATE RESTRICT); nested exception is java.sql.SQLIntegrityConstraintViolationException: Cannot delete or update a parent row: a foreign key constraint fails (`lawofficecrm_develop`.`clientrelation`, CONSTRAINT `FK_Relationship_26` FOREIGN KEY (`clientId1`) REFERENCES `clientinfo` (`clientId`) ON DELETE RESTRICT ON UPDATE RESTRICT)
2024-07-02 16:06:33 [http-nio-8081-exec-1] UncaughtExceptionAdvice.exceptionHandler::lj.exception.user.AuthorizationException
2024-07-02 16:06:43 [http-nio-8081-exec-6] UncaughtExceptionAdvice.exceptionHandler::org.springframework.dao.DataIntegrityViolationException: 
### Error updating database.  Cause: java.sql.SQLIntegrityConstraintViolationException: Cannot delete or update a parent row: a foreign key constraint fails (`lawofficecrm_develop`.`clientfollow`, CONSTRAINT `FK_Relationship_10` FOREIGN KEY (`clientId`) REFERENCES `clientinfo` (`clientId`) ON DELETE RESTRICT ON UPDATE RESTRICT)
### The error may exist in file [/Users/chengwenhao/Desktop/Project/Idea/lawofficecrm_test/target/classes/lj/mapper/client/ClientInfoMapper.xml]
### The error may involve lj.mapper.client.ClientInfoMapper.deleteById-Inline
### The error occurred while setting parameters
### SQL: --       START TRANSACTION;       DELETE FROM clientAssign WHERE clientId=?;       DELETE FROM clientInfo WHERE clientId=?; --       COMMIT;
### Cause: java.sql.SQLIntegrityConstraintViolationException: Cannot delete or update a parent row: a foreign key constraint fails (`lawofficecrm_develop`.`clientfollow`, CONSTRAINT `FK_Relationship_10` FOREIGN KEY (`clientId`) REFERENCES `clientinfo` (`clientId`) ON DELETE RESTRICT ON UPDATE RESTRICT)
; Cannot delete or update a parent row: a foreign key constraint fails (`lawofficecrm_develop`.`clientfollow`, CONSTRAINT `FK_Relationship_10` FOREIGN KEY (`clientId`) REFERENCES `clientinfo` (`clientId`) ON DELETE RESTRICT ON UPDATE RESTRICT); nested exception is java.sql.SQLIntegrityConstraintViolationException: Cannot delete or update a parent row: a foreign key constraint fails (`lawofficecrm_develop`.`clientfollow`, CONSTRAINT `FK_Relationship_10` FOREIGN KEY (`clientId`) REFERENCES `clientinfo` (`clientId`) ON DELETE RESTRICT ON UPDATE RESTRICT)
2024-07-02 16:06:54 [http-nio-8081-exec-8] UncaughtExceptionAdvice.exceptionHandler::org.springframework.dao.DataIntegrityViolationException: 
### Error updating database.  Cause: java.sql.SQLIntegrityConstraintViolationException: Cannot delete or update a parent row: a foreign key constraint fails (`lawofficecrm_develop`.`clientfollow`, CONSTRAINT `FK_Relationship_10` FOREIGN KEY (`clientId`) REFERENCES `clientinfo` (`clientId`) ON DELETE RESTRICT ON UPDATE RESTRICT)
### The error may exist in file [/Users/chengwenhao/Desktop/Project/Idea/lawofficecrm_test/target/classes/lj/mapper/client/ClientInfoMapper.xml]
### The error may involve lj.mapper.client.ClientInfoMapper.deleteById-Inline
### The error occurred while setting parameters
### SQL: --       START TRANSACTION;       DELETE FROM clientAssign WHERE clientId=?;       DELETE FROM clientInfo WHERE clientId=?; --       COMMIT;
### Cause: java.sql.SQLIntegrityConstraintViolationException: Cannot delete or update a parent row: a foreign key constraint fails (`lawofficecrm_develop`.`clientfollow`, CONSTRAINT `FK_Relationship_10` FOREIGN KEY (`clientId`) REFERENCES `clientinfo` (`clientId`) ON DELETE RESTRICT ON UPDATE RESTRICT)
; Cannot delete or update a parent row: a foreign key constraint fails (`lawofficecrm_develop`.`clientfollow`, CONSTRAINT `FK_Relationship_10` FOREIGN KEY (`clientId`) REFERENCES `clientinfo` (`clientId`) ON DELETE RESTRICT ON UPDATE RESTRICT); nested exception is java.sql.SQLIntegrityConstraintViolationException: Cannot delete or update a parent row: a foreign key constraint fails (`lawofficecrm_develop`.`clientfollow`, CONSTRAINT `FK_Relationship_10` FOREIGN KEY (`clientId`) REFERENCES `clientinfo` (`clientId`) ON DELETE RESTRICT ON UPDATE RESTRICT)
2024-07-02 16:06:57 [http-nio-8081-exec-10] UncaughtExceptionAdvice.exceptionHandler::org.springframework.dao.DataIntegrityViolationException: 
### Error updating database.  Cause: java.sql.SQLIntegrityConstraintViolationException: Cannot delete or update a parent row: a foreign key constraint fails (`lawofficecrm_develop`.`clientfollow`, CONSTRAINT `FK_Relationship_10` FOREIGN KEY (`clientId`) REFERENCES `clientinfo` (`clientId`) ON DELETE RESTRICT ON UPDATE RESTRICT)
### The error may exist in file [/Users/chengwenhao/Desktop/Project/Idea/lawofficecrm_test/target/classes/lj/mapper/client/ClientInfoMapper.xml]
### The error may involve lj.mapper.client.ClientInfoMapper.deleteById-Inline
### The error occurred while setting parameters
### SQL: --       START TRANSACTION;       DELETE FROM clientAssign WHERE clientId=?;       DELETE FROM clientInfo WHERE clientId=?; --       COMMIT;
### Cause: java.sql.SQLIntegrityConstraintViolationException: Cannot delete or update a parent row: a foreign key constraint fails (`lawofficecrm_develop`.`clientfollow`, CONSTRAINT `FK_Relationship_10` FOREIGN KEY (`clientId`) REFERENCES `clientinfo` (`clientId`) ON DELETE RESTRICT ON UPDATE RESTRICT)
; Cannot delete or update a parent row: a foreign key constraint fails (`lawofficecrm_develop`.`clientfollow`, CONSTRAINT `FK_Relationship_10` FOREIGN KEY (`clientId`) REFERENCES `clientinfo` (`clientId`) ON DELETE RESTRICT ON UPDATE RESTRICT); nested exception is java.sql.SQLIntegrityConstraintViolationException: Cannot delete or update a parent row: a foreign key constraint fails (`lawofficecrm_develop`.`clientfollow`, CONSTRAINT `FK_Relationship_10` FOREIGN KEY (`clientId`) REFERENCES `clientinfo` (`clientId`) ON DELETE RESTRICT ON UPDATE RESTRICT)
2024-07-02 16:07:28 [http-nio-8081-exec-1] UncaughtExceptionAdvice.exceptionHandler::org.springframework.dao.DataIntegrityViolationException: 
### Error updating database.  Cause: java.sql.SQLIntegrityConstraintViolationException: Cannot delete or update a parent row: a foreign key constraint fails (`lawofficecrm_develop`.`clientfollow`, CONSTRAINT `FK_Relationship_10` FOREIGN KEY (`clientId`) REFERENCES `clientinfo` (`clientId`) ON DELETE RESTRICT ON UPDATE RESTRICT)
### The error may exist in file [/Users/chengwenhao/Desktop/Project/Idea/lawofficecrm_test/target/classes/lj/mapper/client/ClientInfoMapper.xml]
### The error may involve lj.mapper.client.ClientInfoMapper.deleteById-Inline
### The error occurred while setting parameters
### SQL: --       START TRANSACTION;       DELETE FROM clientAssign WHERE clientId=?;       DELETE FROM clientInfo WHERE clientId=?; --       COMMIT;
### Cause: java.sql.SQLIntegrityConstraintViolationException: Cannot delete or update a parent row: a foreign key constraint fails (`lawofficecrm_develop`.`clientfollow`, CONSTRAINT `FK_Relationship_10` FOREIGN KEY (`clientId`) REFERENCES `clientinfo` (`clientId`) ON DELETE RESTRICT ON UPDATE RESTRICT)
; Cannot delete or update a parent row: a foreign key constraint fails (`lawofficecrm_develop`.`clientfollow`, CONSTRAINT `FK_Relationship_10` FOREIGN KEY (`clientId`) REFERENCES `clientinfo` (`clientId`) ON DELETE RESTRICT ON UPDATE RESTRICT); nested exception is java.sql.SQLIntegrityConstraintViolationException: Cannot delete or update a parent row: a foreign key constraint fails (`lawofficecrm_develop`.`clientfollow`, CONSTRAINT `FK_Relationship_10` FOREIGN KEY (`clientId`) REFERENCES `clientinfo` (`clientId`) ON DELETE RESTRICT ON UPDATE RESTRICT)
2024-07-02 16:18:44 [http-nio-8081-exec-1] UncaughtExceptionAdvice.exceptionHandler::lj.exception.user.AuthorizationException
2024-07-02 16:18:54 [http-nio-8081-exec-3] UncaughtExceptionAdvice.exceptionHandler::org.springframework.dao.DataIntegrityViolationException: 
### Error updating database.  Cause: java.sql.SQLIntegrityConstraintViolationException: Cannot delete or update a parent row: a foreign key constraint fails (`lawofficecrm_develop`.`clientfollow`, CONSTRAINT `FK_Relationship_10` FOREIGN KEY (`clientId`) REFERENCES `clientinfo` (`clientId`) ON DELETE RESTRICT ON UPDATE RESTRICT)
### The error may exist in file [/Users/chengwenhao/Desktop/Project/Idea/lawofficecrm_test/target/classes/lj/mapper/client/ClientInfoMapper.xml]
### The error may involve lj.mapper.client.ClientInfoMapper.deleteById-Inline
### The error occurred while setting parameters
### SQL: delete from clientAssign where clientId=?;       delete from clientInfo where clientId=?;
### Cause: java.sql.SQLIntegrityConstraintViolationException: Cannot delete or update a parent row: a foreign key constraint fails (`lawofficecrm_develop`.`clientfollow`, CONSTRAINT `FK_Relationship_10` FOREIGN KEY (`clientId`) REFERENCES `clientinfo` (`clientId`) ON DELETE RESTRICT ON UPDATE RESTRICT)
; Cannot delete or update a parent row: a foreign key constraint fails (`lawofficecrm_develop`.`clientfollow`, CONSTRAINT `FK_Relationship_10` FOREIGN KEY (`clientId`) REFERENCES `clientinfo` (`clientId`) ON DELETE RESTRICT ON UPDATE RESTRICT); nested exception is java.sql.SQLIntegrityConstraintViolationException: Cannot delete or update a parent row: a foreign key constraint fails (`lawofficecrm_develop`.`clientfollow`, CONSTRAINT `FK_Relationship_10` FOREIGN KEY (`clientId`) REFERENCES `clientinfo` (`clientId`) ON DELETE RESTRICT ON UPDATE RESTRICT)
2024-07-02 16:24:07 [http-nio-8081-exec-10] UncaughtExceptionAdvice.exceptionHandler::org.springframework.dao.DataIntegrityViolationException: 
### Error updating database.  Cause: java.sql.SQLIntegrityConstraintViolationException: Cannot delete or update a parent row: a foreign key constraint fails (`lawofficecrm_develop`.`clientfollow`, CONSTRAINT `FK_Relationship_10` FOREIGN KEY (`clientId`) REFERENCES `clientinfo` (`clientId`) ON DELETE RESTRICT ON UPDATE RESTRICT)
### The error may exist in file [/Users/chengwenhao/Desktop/Project/Idea/lawofficecrm_test/target/classes/lj/mapper/client/ClientInfoMapper.xml]
### The error may involve lj.mapper.client.ClientInfoMapper.deleteById-Inline
### The error occurred while setting parameters
### SQL: delete from clientAssign where clientId=?;       delete from clientInfo where clientId=?;
### Cause: java.sql.SQLIntegrityConstraintViolationException: Cannot delete or update a parent row: a foreign key constraint fails (`lawofficecrm_develop`.`clientfollow`, CONSTRAINT `FK_Relationship_10` FOREIGN KEY (`clientId`) REFERENCES `clientinfo` (`clientId`) ON DELETE RESTRICT ON UPDATE RESTRICT)
; Cannot delete or update a parent row: a foreign key constraint fails (`lawofficecrm_develop`.`clientfollow`, CONSTRAINT `FK_Relationship_10` FOREIGN KEY (`clientId`) REFERENCES `clientinfo` (`clientId`) ON DELETE RESTRICT ON UPDATE RESTRICT); nested exception is java.sql.SQLIntegrityConstraintViolationException: Cannot delete or update a parent row: a foreign key constraint fails (`lawofficecrm_develop`.`clientfollow`, CONSTRAINT `FK_Relationship_10` FOREIGN KEY (`clientId`) REFERENCES `clientinfo` (`clientId`) ON DELETE RESTRICT ON UPDATE RESTRICT)
2024-07-02 16:27:30 [http-nio-8081-exec-1] UncaughtExceptionAdvice.exceptionHandler::lj.exception.user.AuthorizationException
2024-07-02 16:27:37 [http-nio-8081-exec-5] UncaughtExceptionAdvice.exceptionHandler::org.springframework.dao.DataIntegrityViolationException: 
### Error updating database.  Cause: java.sql.SQLIntegrityConstraintViolationException: Cannot delete or update a parent row: a foreign key constraint fails (`lawofficecrm_develop`.`clientfollow`, CONSTRAINT `FK_Relationship_10` FOREIGN KEY (`clientId`) REFERENCES `clientinfo` (`clientId`) ON DELETE RESTRICT ON UPDATE RESTRICT)
### The error may exist in file [/Users/chengwenhao/Desktop/Project/Idea/lawofficecrm_test/target/classes/lj/mapper/client/ClientInfoMapper.xml]
### The error may involve lj.mapper.client.ClientInfoMapper.deleteById-Inline
### The error occurred while setting parameters
### SQL: delete from clientAssign where clientId=?;       delete from clientInfo where clientId=?;
### Cause: java.sql.SQLIntegrityConstraintViolationException: Cannot delete or update a parent row: a foreign key constraint fails (`lawofficecrm_develop`.`clientfollow`, CONSTRAINT `FK_Relationship_10` FOREIGN KEY (`clientId`) REFERENCES `clientinfo` (`clientId`) ON DELETE RESTRICT ON UPDATE RESTRICT)
; Cannot delete or update a parent row: a foreign key constraint fails (`lawofficecrm_develop`.`clientfollow`, CONSTRAINT `FK_Relationship_10` FOREIGN KEY (`clientId`) REFERENCES `clientinfo` (`clientId`) ON DELETE RESTRICT ON UPDATE RESTRICT); nested exception is java.sql.SQLIntegrityConstraintViolationException: Cannot delete or update a parent row: a foreign key constraint fails (`lawofficecrm_develop`.`clientfollow`, CONSTRAINT `FK_Relationship_10` FOREIGN KEY (`clientId`) REFERENCES `clientinfo` (`clientId`) ON DELETE RESTRICT ON UPDATE RESTRICT)
