2023-04-24 20:14:07 [main] 系统参数'系统名称'加载失败
2023-04-24 20:14:07 [main] 应用程序参数加载失败
2023-04-24 20:39:06 [http-nio-8081-exec-4] UncaughtExceptionAdvice.exceptionHandler::org.springframework.jdbc.BadSqlGrammarException: 
### Error querying database.  Cause: java.sql.SQLSyntaxErrorException: Table 'lawofficecrm.userrole' doesn't exist
### The error may exist in file [G:\00_workspace\02_eclipseEE\01_development\2023\lawofficecrm\target\classes\lj\mapper\user\UserRoleMapper.xml]
### The error may involve lj.mapper.user.UserRoleMapper.findAllByUserId-Inline
### The error occurred while setting parameters
### SQL: select UserRole.* ,(select roleName from RoleInfo where roleId=UserRole.roleId) as roleName    from UserRole    where userId=?
### Cause: java.sql.SQLSyntaxErrorException: Table 'lawofficecrm.userrole' doesn't exist
; bad SQL grammar []; nested exception is java.sql.SQLSyntaxErrorException: Table 'lawofficecrm.userrole' doesn't exist
2023-04-24 20:40:40 [http-nio-8081-exec-1] UncaughtExceptionAdvice.exceptionHandler::org.springframework.jdbc.BadSqlGrammarException: 
### Error querying database.  Cause: java.sql.SQLSyntaxErrorException: Table 'lawofficecrm.userrole' doesn't exist
### The error may exist in file [G:\00_workspace\02_eclipseEE\01_development\2023\lawofficecrm\target\classes\lj\mapper\user\UserRoleMapper.xml]
### The error may involve lj.mapper.user.UserRoleMapper.findAllByUserId-Inline
### The error occurred while setting parameters
### SQL: select UserRole.* ,(select roleName from RoleInfo where roleId=UserRole.roleId) as roleName    from UserRole    where userId=?
### Cause: java.sql.SQLSyntaxErrorException: Table 'lawofficecrm.userrole' doesn't exist
; bad SQL grammar []; nested exception is java.sql.SQLSyntaxErrorException: Table 'lawofficecrm.userrole' doesn't exist
2023-04-24 21:41:17 [http-nio-8081-exec-10] UncaughtExceptionAdvice.exceptionHandler::org.mybatis.spring.MyBatisSystemException: nested exception is org.apache.ibatis.reflection.ReflectionException: There is no getter for property named 'entityName' in 'class lj.model.sys.ModuleInfo'
2023-04-24 23:04:24 [http-nio-8081-exec-10] UncaughtExceptionAdvice.exceptionHandler::org.mybatis.spring.MyBatisSystemException: nested exception is org.apache.ibatis.reflection.ReflectionException: There is no getter for property named 'entityName' in 'class lj.model.sys.ModuleInfo'
