2023-09-15 16:10:32 [http-nio-8081-exec-1] UncaughtExceptionAdvice.exceptionHandler::lj.exception.user.AuthorizationException
2023-09-19 16:59:17 [http-nio-8081-exec-1] UncaughtExceptionAdvice.exceptionHandler::lj.exception.user.AuthorizationException
2023-09-19 17:12:18 [http-nio-8081-exec-1] UncaughtExceptionAdvice.exceptionHandler::lj.exception.user.AuthorizationException
2023-09-19 17:14:59 [http-nio-8081-exec-4] UncaughtExceptionAdvice.exceptionHandler::org.springframework.dao.DataIntegrityViolationException: 
### Error updating database.  Cause: java.sql.SQLIntegrityConstraintViolationException: Cannot delete or update a parent row: a foreign key constraint fails (`lawofficecrm`.`clientfollow`, CONSTRAINT `FK_Relationship_10` FOREIGN KEY (`clientId`) REFERENCES `clientinfo` (`clientId`))
### The error may exist in file [/Users/chengwenhao/Desktop/Project/Idea/lawofficecrm/target/classes/lj/mapper/client/ClientInfoMapper.xml]
### The error may involve lj.mapper.client.ClientInfoMapper.deleteById-Inline
### The error occurred while setting parameters
### SQL: delete from ClientInfo where clientId=?
### Cause: java.sql.SQLIntegrityConstraintViolationException: Cannot delete or update a parent row: a foreign key constraint fails (`lawofficecrm`.`clientfollow`, CONSTRAINT `FK_Relationship_10` FOREIGN KEY (`clientId`) REFERENCES `clientinfo` (`clientId`))
; Cannot delete or update a parent row: a foreign key constraint fails (`lawofficecrm`.`clientfollow`, CONSTRAINT `FK_Relationship_10` FOREIGN KEY (`clientId`) REFERENCES `clientinfo` (`clientId`)); nested exception is java.sql.SQLIntegrityConstraintViolationException: Cannot delete or update a parent row: a foreign key constraint fails (`lawofficecrm`.`clientfollow`, CONSTRAINT `FK_Relationship_10` FOREIGN KEY (`clientId`) REFERENCES `clientinfo` (`clientId`))
2023-09-19 17:19:17 [http-nio-8081-exec-1] UncaughtExceptionAdvice.exceptionHandler::lj.exception.user.AuthorizationException
2023-09-19 17:23:01 [http-nio-8081-exec-1] UncaughtExceptionAdvice.exceptionHandler::lj.exception.user.AuthorizationException
2023-09-19 18:30:39 [http-nio-8081-exec-1] UncaughtExceptionAdvice.exceptionHandler::lj.exception.user.AuthorizationException
2023-09-19 18:31:28 [http-nio-8081-exec-1] UncaughtExceptionAdvice.exceptionHandler::lj.exception.user.AuthorizationException
2023-09-19 18:33:54 [http-nio-8081-exec-1] UncaughtExceptionAdvice.exceptionHandler::lj.exception.user.AuthorizationException
2023-09-19 18:34:44 [http-nio-8081-exec-1] UncaughtExceptionAdvice.exceptionHandler::lj.exception.user.AuthorizationException
2023-09-19 18:36:28 [http-nio-8081-exec-1] UncaughtExceptionAdvice.exceptionHandler::lj.exception.user.AuthorizationException
2023-09-19 18:38:10 [http-nio-8081-exec-1] UncaughtExceptionAdvice.exceptionHandler::lj.exception.user.AuthorizationException
2023-09-19 18:51:16 [http-nio-8081-exec-1] UncaughtExceptionAdvice.exceptionHandler::lj.exception.user.AuthorizationException
2023-09-19 18:56:12 [http-nio-8081-exec-1] UncaughtExceptionAdvice.exceptionHandler::lj.exception.user.AuthorizationException
2023-09-19 18:59:43 [http-nio-8081-exec-1] UncaughtExceptionAdvice.exceptionHandler::lj.exception.user.AuthorizationException
2023-09-19 20:18:25 [http-nio-8081-exec-10] UncaughtExceptionAdvice.exceptionHandler::lj.exception.user.AuthorizationException
2023-09-19 20:33:11 [http-nio-8081-exec-1] UncaughtExceptionAdvice.exceptionHandler::lj.exception.user.AuthorizationException
2023-09-19 20:47:49 [http-nio-8081-exec-1] UncaughtExceptionAdvice.exceptionHandler::lj.exception.user.AuthorizationException
