2023-10-13 10:36:28 [http-nio-8081-exec-4] UncaughtExceptionAdvice.exceptionHandler::lj.exception.user.AuthorizationException
2023-10-13 10:36:40 [http-nio-8081-exec-3] UncaughtExceptionAdvice.exceptionHandler::lj.exception.user.AuthorizationException
2023-10-13 10:37:32 [http-nio-8081-exec-1] FileInputController.uploadFiles:java.io.IOException: java.io.FileNotFoundException: /private/var/folders/p8/1jf5mrl96dv38nkfvwl7fc4m0000gn/T/tomcat.2822348865428813297.8081/work/Tomcat/localhost/lawofficecrm/D:\uploadloc/20231013103732002_0.jpg (No such file or directory)
2023-10-13 10:38:18 [http-nio-8081-exec-5] FileInputController.uploadFiles:java.io.IOException: java.io.FileNotFoundException: /private/var/folders/p8/1jf5mrl96dv38nkfvwl7fc4m0000gn/T/tomcat.2822348865428813297.8081/work/Tomcat/localhost/lawofficecrm/D:\uploadloc/20231013103818002_0.jpg (No such file or directory)
2023-10-13 10:45:47 [http-nio-8081-exec-1] UncaughtExceptionAdvice.exceptionHandler::lj.exception.user.AuthorizationException
2023-10-13 13:57:13 [http-nio-8081-exec-1] UncaughtExceptionAdvice.exceptionHandler::lj.exception.user.AuthorizationException
2023-10-13 13:57:14 [http-nio-8081-exec-9] UncaughtExceptionAdvice.exceptionHandler::lj.exception.user.AuthorizationException
2023-10-13 14:03:27 [http-nio-8081-exec-1] UncaughtExceptionAdvice.exceptionHandler::lj.exception.user.AuthorizationException
2023-10-13 14:47:59 [http-nio-8081-exec-1] UncaughtExceptionAdvice.exceptionHandler::lj.exception.user.AuthorizationException
2023-10-13 15:11:37 [http-nio-8081-exec-1] UncaughtExceptionAdvice.exceptionHandler::lj.exception.user.AuthorizationException
2023-10-13 15:33:47 [http-nio-8081-exec-1] UncaughtExceptionAdvice.exceptionHandler::lj.exception.user.AuthorizationException
2023-10-13 15:35:51 [http-nio-8081-exec-9] UncaughtExceptionAdvice.exceptionHandler::org.springframework.jdbc.BadSqlGrammarException: 
### Error updating database.  Cause: java.sql.SQLException: Column count doesn't match value count at row 1
### The error may exist in file [/Users/chengwenhao/Desktop/Project/Idea/lawofficecrm/target/classes/lj/mapper/client/ClientRevisitMapper.xml]
### The error may involve lj.mapper.client.ClientRevisitMapper.insert-Inline
### The error occurred while setting parameters
### SQL: insert into ClientRevisit( clientId, revisitType, revisitTime, revisitTimeSpan, revisitConent, opTime, opUserId)       values(?,?,?,?,?,?,?,?)
### Cause: java.sql.SQLException: Column count doesn't match value count at row 1
; bad SQL grammar []; nested exception is java.sql.SQLException: Column count doesn't match value count at row 1
2023-10-13 15:37:04 [http-nio-8081-exec-1] UncaughtExceptionAdvice.exceptionHandler::lj.exception.user.AuthorizationException
