2024-01-13 09:20:02 [http-nio-8081-exec-1] UncaughtExceptionAdvice.exceptionHandler::lj.exception.user.AuthorizationException
2024-01-13 10:06:44 [http-nio-8081-exec-1] UncaughtExceptionAdvice.exceptionHandler::lj.exception.user.AuthorizationException
2024-01-13 10:06:55 [http-nio-8081-exec-9] UncaughtExceptionAdvice.exceptionHandler::org.springframework.jdbc.BadSqlGrammarException: 
### Error querying database.  Cause: java.sql.SQLSyntaxErrorException: You have an error in your SQL syntax; check the manual that corresponds to your MySQL server version for the right syntax to use near ', '法律专项', '税务专项', '其他%'
      or ClientInfo.clientLevel IN (' at line 21
### The error may exist in file [/Users/chengwenhao/Desktop/Project/Idea/lawofficecrm/target/classes/lj/mapper/client/ClientInfoMapper.xml]
### The error may involve lj.mapper.client.ClientInfoMapper.findAllPaged-Inline
### The error occurred while setting parameters
### SQL: select count(0) from (select ClientInfo.*, UserInfo.userName as opUserName     from ClientInfo     left join UserInfo on UserInfo.UserId=ClientInfo.opUserId           where 1=1                                                                                                 and  ClientInfo.clientLevel like  '%VIP法律顾问', '法律专项', '税务专项', '其他%'       or ClientInfo.clientLevel IN ('VIP法律顾问', '法律专项', '税务专项', '其他')                                                     order by opTime desc) tmp_count
### Cause: java.sql.SQLSyntaxErrorException: You have an error in your SQL syntax; check the manual that corresponds to your MySQL server version for the right syntax to use near ', '法律专项', '税务专项', '其他%'
      or ClientInfo.clientLevel IN (' at line 21
; bad SQL grammar []; nested exception is java.sql.SQLSyntaxErrorException: You have an error in your SQL syntax; check the manual that corresponds to your MySQL server version for the right syntax to use near ', '法律专项', '税务专项', '其他%'
      or ClientInfo.clientLevel IN (' at line 21
2024-01-13 10:10:47 [http-nio-8081-exec-1] UncaughtExceptionAdvice.exceptionHandler::lj.exception.user.AuthorizationException
2024-01-13 10:10:48 [http-nio-8081-exec-3] UncaughtExceptionAdvice.exceptionHandler::lj.exception.user.AuthorizationException
2024-01-13 10:31:16 [http-nio-8081-exec-1] UncaughtExceptionAdvice.exceptionHandler::lj.exception.user.AuthorizationException
2024-01-13 10:43:22 [http-nio-8081-exec-1] UncaughtExceptionAdvice.exceptionHandler::lj.exception.user.AuthorizationException
2024-01-13 11:01:36 [http-nio-8081-exec-1] UncaughtExceptionAdvice.exceptionHandler::lj.exception.user.AuthorizationException
2024-01-13 11:01:46 [http-nio-8081-exec-8] UncaughtExceptionAdvice.exceptionHandler::org.springframework.jdbc.BadSqlGrammarException: 
### Error querying database.  Cause: java.sql.SQLSyntaxErrorException: Unknown column 'ClientInfo.assignUserName' in 'where clause'
### The error may exist in file [/Users/chengwenhao/Desktop/Project/Idea/lawofficecrm/target/classes/lj/mapper/client/ClientInfoMapper.xml]
### The error may involve lj.mapper.client.ClientInfoMapper.findAllPaged-Inline
### The error occurred while setting parameters
### SQL: SELECT count(0) FROM ClientInfo LEFT JOIN UserInfo ON UserInfo.UserId = ClientInfo.opUserId LEFT JOIN ClientAssign ON ClientAssign.clientId = ClientInfo.clientId LEFT JOIN UserInfo AS AssignUser ON AssignUser.UserId = ClientAssign.userId WHERE 1 = 1 AND ClientInfo.assignUserName LIKE '%赵%'
### Cause: java.sql.SQLSyntaxErrorException: Unknown column 'ClientInfo.assignUserName' in 'where clause'
; bad SQL grammar []; nested exception is java.sql.SQLSyntaxErrorException: Unknown column 'ClientInfo.assignUserName' in 'where clause'
2024-01-13 11:03:22 [http-nio-8081-exec-1] UncaughtExceptionAdvice.exceptionHandler::lj.exception.user.AuthorizationException
2024-01-13 11:03:28 [http-nio-8081-exec-8] UncaughtExceptionAdvice.exceptionHandler::org.springframework.jdbc.BadSqlGrammarException: 
### Error querying database.  Cause: java.sql.SQLSyntaxErrorException: Unknown column 'AssignUser.assignUserName' in 'where clause'
### The error may exist in file [/Users/chengwenhao/Desktop/Project/Idea/lawofficecrm/target/classes/lj/mapper/client/ClientInfoMapper.xml]
### The error may involve lj.mapper.client.ClientInfoMapper.findAllPaged-Inline
### The error occurred while setting parameters
### SQL: SELECT count(0) FROM ClientInfo LEFT JOIN UserInfo ON UserInfo.UserId = ClientInfo.opUserId LEFT JOIN ClientAssign ON ClientAssign.clientId = ClientInfo.clientId LEFT JOIN UserInfo AS AssignUser ON AssignUser.UserId = ClientAssign.userId WHERE 1 = 1 AND AssignUser.assignUserName LIKE '%赵%'
### Cause: java.sql.SQLSyntaxErrorException: Unknown column 'AssignUser.assignUserName' in 'where clause'
; bad SQL grammar []; nested exception is java.sql.SQLSyntaxErrorException: Unknown column 'AssignUser.assignUserName' in 'where clause'
2024-01-13 11:03:31 [http-nio-8081-exec-9] UncaughtExceptionAdvice.exceptionHandler::org.springframework.jdbc.BadSqlGrammarException: 
### Error querying database.  Cause: java.sql.SQLSyntaxErrorException: Unknown column 'AssignUser.assignUserName' in 'where clause'
### The error may exist in file [/Users/chengwenhao/Desktop/Project/Idea/lawofficecrm/target/classes/lj/mapper/client/ClientInfoMapper.xml]
### The error may involve lj.mapper.client.ClientInfoMapper.findAllPaged-Inline
### The error occurred while setting parameters
### SQL: SELECT count(0) FROM ClientInfo LEFT JOIN UserInfo ON UserInfo.UserId = ClientInfo.opUserId LEFT JOIN ClientAssign ON ClientAssign.clientId = ClientInfo.clientId LEFT JOIN UserInfo AS AssignUser ON AssignUser.UserId = ClientAssign.userId WHERE 1 = 1 AND AssignUser.assignUserName LIKE '%赵%'
### Cause: java.sql.SQLSyntaxErrorException: Unknown column 'AssignUser.assignUserName' in 'where clause'
; bad SQL grammar []; nested exception is java.sql.SQLSyntaxErrorException: Unknown column 'AssignUser.assignUserName' in 'where clause'
2024-01-13 11:07:46 [http-nio-8081-exec-1] UncaughtExceptionAdvice.exceptionHandler::lj.exception.user.AuthorizationException
2024-01-13 11:07:53 [http-nio-8081-exec-8] UncaughtExceptionAdvice.exceptionHandler::org.springframework.jdbc.BadSqlGrammarException: 
### Error querying database.  Cause: java.sql.SQLSyntaxErrorException: Unknown column 'assignUserName' in 'where clause'
### The error may exist in file [/Users/chengwenhao/Desktop/Project/Idea/lawofficecrm/target/classes/lj/mapper/client/ClientInfoMapper.xml]
### The error may involve lj.mapper.client.ClientInfoMapper.findAllPaged-Inline
### The error occurred while setting parameters
### SQL: SELECT count(0) FROM ClientInfo LEFT JOIN UserInfo ON UserInfo.UserId = ClientInfo.opUserId LEFT JOIN ClientAssign ON ClientAssign.clientId = ClientInfo.clientId LEFT JOIN UserInfo AS AssignUser ON AssignUser.UserId = ClientAssign.userId WHERE 1 = 1 AND assignUserName LIKE '%赵%'
### Cause: java.sql.SQLSyntaxErrorException: Unknown column 'assignUserName' in 'where clause'
; bad SQL grammar []; nested exception is java.sql.SQLSyntaxErrorException: Unknown column 'assignUserName' in 'where clause'
2024-01-13 11:08:19 [http-nio-8081-exec-1] UncaughtExceptionAdvice.exceptionHandler::lj.exception.user.AuthorizationException
2024-01-13 11:08:29 [http-nio-8081-exec-9] UncaughtExceptionAdvice.exceptionHandler::org.springframework.jdbc.BadSqlGrammarException: 
### Error querying database.  Cause: java.sql.SQLSyntaxErrorException: Unknown column 'UserInfo.assignUserName' in 'where clause'
### The error may exist in file [/Users/chengwenhao/Desktop/Project/Idea/lawofficecrm/target/classes/lj/mapper/client/ClientInfoMapper.xml]
### The error may involve lj.mapper.client.ClientInfoMapper.findAllPaged-Inline
### The error occurred while setting parameters
### SQL: SELECT count(0) FROM ClientInfo LEFT JOIN UserInfo ON UserInfo.UserId = ClientInfo.opUserId LEFT JOIN ClientAssign ON ClientAssign.clientId = ClientInfo.clientId LEFT JOIN UserInfo AS AssignUser ON AssignUser.UserId = ClientAssign.userId WHERE 1 = 1 AND UserInfo.assignUserName LIKE '%赵%'
### Cause: java.sql.SQLSyntaxErrorException: Unknown column 'UserInfo.assignUserName' in 'where clause'
; bad SQL grammar []; nested exception is java.sql.SQLSyntaxErrorException: Unknown column 'UserInfo.assignUserName' in 'where clause'
2024-01-13 11:09:51 [http-nio-8081-exec-1] UncaughtExceptionAdvice.exceptionHandler::lj.exception.user.AuthorizationException
2024-01-13 11:09:59 [http-nio-8081-exec-8] UncaughtExceptionAdvice.exceptionHandler::org.springframework.jdbc.BadSqlGrammarException: 
### Error querying database.  Cause: java.sql.SQLSyntaxErrorException: Unknown column 'AssignUser.assignUserName' in 'where clause'
### The error may exist in file [/Users/chengwenhao/Desktop/Project/Idea/lawofficecrm/target/classes/lj/mapper/client/ClientInfoMapper.xml]
### The error may involve lj.mapper.client.ClientInfoMapper.findAllPaged-Inline
### The error occurred while setting parameters
### SQL: SELECT count(0) FROM ClientInfo LEFT JOIN UserInfo ON UserInfo.UserId = ClientInfo.opUserId LEFT JOIN ClientAssign ON ClientAssign.clientId = ClientInfo.clientId LEFT JOIN UserInfo AS AssignUser ON AssignUser.UserId = ClientAssign.userId WHERE 1 = 1 AND AssignUser.assignUserName LIKE '%赵%'
### Cause: java.sql.SQLSyntaxErrorException: Unknown column 'AssignUser.assignUserName' in 'where clause'
; bad SQL grammar []; nested exception is java.sql.SQLSyntaxErrorException: Unknown column 'AssignUser.assignUserName' in 'where clause'
2024-01-13 11:13:16 [http-nio-8081-exec-1] UncaughtExceptionAdvice.exceptionHandler::lj.exception.user.AuthorizationException
2024-01-13 11:48:10 [http-nio-8081-exec-1] UncaughtExceptionAdvice.exceptionHandler::lj.exception.user.AuthorizationException
2024-01-13 11:48:15 [http-nio-8081-exec-6] UncaughtExceptionAdvice.exceptionHandler::java.lang.NullPointerException
2024-01-13 11:48:16 [http-nio-8081-exec-7] UncaughtExceptionAdvice.exceptionHandler::java.lang.NullPointerException
2024-01-13 11:49:33 [http-nio-8081-exec-1] UncaughtExceptionAdvice.exceptionHandler::lj.exception.user.AuthorizationException
2024-01-13 11:58:47 [http-nio-8081-exec-1] UncaughtExceptionAdvice.exceptionHandler::lj.exception.user.AuthorizationException
2024-01-13 13:31:44 [http-nio-8081-exec-1] UncaughtExceptionAdvice.exceptionHandler::lj.exception.user.AuthorizationException
2024-01-13 13:39:47 [http-nio-8081-exec-1] UncaughtExceptionAdvice.exceptionHandler::lj.exception.user.AuthorizationException
2024-01-13 13:52:38 [http-nio-8081-exec-1] UncaughtExceptionAdvice.exceptionHandler::lj.exception.user.AuthorizationException
2024-01-13 16:56:29 [http-nio-8081-exec-1] UncaughtExceptionAdvice.exceptionHandler::lj.exception.user.AuthorizationException
2024-01-13 16:56:29 [http-nio-8081-exec-3] UncaughtExceptionAdvice.exceptionHandler::lj.exception.user.AuthorizationException
2024-01-13 16:57:08 [http-nio-8081-exec-7] UncaughtExceptionAdvice.exceptionHandler::org.springframework.jdbc.BadSqlGrammarException: 
### Error updating database.  Cause: java.sql.SQLSyntaxErrorException: You have an error in your SQL syntax; check the manual that corresponds to your MySQL server version for the right syntax to use near 'values(222,'微信联系','2024-01-09 00:00:00.0',23,'一对一','','2024-01-13 ' at line 2
### The error may exist in file [/Users/chengwenhao/Desktop/Project/Idea/lawofficecrm/target/classes/lj/mapper/client/ClientFollowMapper.xml]
### The error may involve lj.mapper.client.ClientFollowMapper.insert-Inline
### The error occurred while setting parameters
### SQL: insert into ClientFollow( clientId, followType, followTime, followTimeSpan, followContent, fileName, opTime, opUserId, serviceItem       values(?,?,?,?,?,?,?,?,?)
### Cause: java.sql.SQLSyntaxErrorException: You have an error in your SQL syntax; check the manual that corresponds to your MySQL server version for the right syntax to use near 'values(222,'微信联系','2024-01-09 00:00:00.0',23,'一对一','','2024-01-13 ' at line 2
; bad SQL grammar []; nested exception is java.sql.SQLSyntaxErrorException: You have an error in your SQL syntax; check the manual that corresponds to your MySQL server version for the right syntax to use near 'values(222,'微信联系','2024-01-09 00:00:00.0',23,'一对一','','2024-01-13 ' at line 2
2024-01-13 17:01:33 [http-nio-8081-exec-1] UncaughtExceptionAdvice.exceptionHandler::lj.exception.user.AuthorizationException
2024-01-13 17:01:51 [http-nio-8081-exec-1] UncaughtExceptionAdvice.exceptionHandler::org.mybatis.spring.MyBatisSystemException: nested exception is org.apache.ibatis.type.TypeException: Could not set parameters for mapping: ParameterMapping{property='clientId', mode=IN, javaType=class java.lang.Long, jdbcType=NUMERIC, numericScale=null, resultMapId='null', jdbcTypeName='null', expression='null'}. Cause: org.apache.ibatis.type.TypeException: Error setting non null for parameter #10 with JdbcType NUMERIC . Try setting a different JdbcType for this parameter or a different configuration property. Cause: java.sql.SQLException: Parameter index out of range (10 > number of parameters, which is 9).
2024-01-13 17:09:27 [http-nio-8081-exec-1] UncaughtExceptionAdvice.exceptionHandler::lj.exception.user.AuthorizationException
2024-01-13 17:09:45 [http-nio-8081-exec-1] UncaughtExceptionAdvice.exceptionHandler::org.springframework.jdbc.BadSqlGrammarException: 
### Error updating database.  Cause: java.sql.SQLSyntaxErrorException: You have an error in your SQL syntax; check the manual that corresponds to your MySQL server version for the right syntax to use near 'values(
          222,
          '上门拜访',
          '2024-01-13 00:00:00.' at line 2
### The error may exist in file [/Users/chengwenhao/Desktop/Project/Idea/lawofficecrm/target/classes/lj/mapper/client/ClientFollowMapper.xml]
### The error may involve lj.mapper.client.ClientFollowMapper.insert-Inline
### The error occurred while setting parameters
### SQL: insert into ClientFollow( clientId, followType, followTime, followTimeSpan, followContent, fileName, opTime, opUserId, serviceItem       values(           ?,           ?,           ?,           ?,           ?,           ?,           ?,           ?,           ?)
### Cause: java.sql.SQLSyntaxErrorException: You have an error in your SQL syntax; check the manual that corresponds to your MySQL server version for the right syntax to use near 'values(
          222,
          '上门拜访',
          '2024-01-13 00:00:00.' at line 2
; bad SQL grammar []; nested exception is java.sql.SQLSyntaxErrorException: You have an error in your SQL syntax; check the manual that corresponds to your MySQL server version for the right syntax to use near 'values(
          222,
          '上门拜访',
          '2024-01-13 00:00:00.' at line 2
2024-01-13 17:40:10 [http-nio-8081-exec-1] UncaughtExceptionAdvice.exceptionHandler::lj.exception.user.AuthorizationException
2024-01-13 17:40:28 [http-nio-8081-exec-10] UncaughtExceptionAdvice.exceptionHandler::org.springframework.jdbc.BadSqlGrammarException: 
### Error updating database.  Cause: java.sql.SQLSyntaxErrorException: You have an error in your SQL syntax; check the manual that corresponds to your MySQL server version for the right syntax to use near 'values(
          222,
          '微信联系',
          '2024-01-10 00:00:00.' at line 2
### The error may exist in file [/Users/chengwenhao/Desktop/Project/Idea/lawofficecrm/target/classes/lj/mapper/client/ClientFollowMapper.xml]
### The error may involve lj.mapper.client.ClientFollowMapper.insert-Inline
### The error occurred while setting parameters
### SQL: insert into ClientFollow( clientId, followType, followTime, followTimeSpan, followContent, fileName, opTime, opUserId, serviceItem       values(           ?,           ?,           ?,           ?,           ?,           ?,           ?,           ?,           ?)
### Cause: java.sql.SQLSyntaxErrorException: You have an error in your SQL syntax; check the manual that corresponds to your MySQL server version for the right syntax to use near 'values(
          222,
          '微信联系',
          '2024-01-10 00:00:00.' at line 2
; bad SQL grammar []; nested exception is java.sql.SQLSyntaxErrorException: You have an error in your SQL syntax; check the manual that corresponds to your MySQL server version for the right syntax to use near 'values(
          222,
          '微信联系',
          '2024-01-10 00:00:00.' at line 2
2024-01-13 17:42:22 [http-nio-8081-exec-1] UncaughtExceptionAdvice.exceptionHandler::lj.exception.user.AuthorizationException
2024-01-13 18:16:53 [http-nio-8081-exec-1] UncaughtExceptionAdvice.exceptionHandler::lj.exception.user.AuthorizationException
2024-01-13 18:44:08 [http-nio-8081-exec-1] UncaughtExceptionAdvice.exceptionHandler::lj.exception.user.AuthorizationException
2024-01-13 18:51:25 [http-nio-8081-exec-1] UncaughtExceptionAdvice.exceptionHandler::lj.exception.user.AuthorizationException
