2024-01-16 18:31:07 [http-nio-8081-exec-10] UncaughtExceptionAdvice.exceptionHandler::org.springframework.jdbc.BadSqlGrammarException: 
### Error querying database.  Cause: java.sql.SQLSyntaxErrorException: Not unique table/alias: 'ClientAssign'
### The error may exist in file [/Users/chengwenhao/Desktop/Project/Idea/lawofficecrm/target/classes/lj/mapper/client/ClientInfoMapper.xml]
### The error may involve lj.mapper.client.ClientInfoMapper.findAllPaged-Inline
### The error occurred while setting parameters
### SQL: SELECT count(0) FROM ClientInfo LEFT JOIN UserInfo ON UserInfo.UserId = ClientInfo.opUserId LEFT JOIN ClientAssign ON ClientAssign.clientId = ClientInfo.clientId LEFT JOIN UserInfo AS AssignUser ON AssignUser.UserId = ClientAssign.userId RIGHT JOIN ClientAssign ON ClientInfo.clientId = ClientAssign.clientId WHERE 1 = 1 AND ClientAssign.userId = ? AND month(clientinfo.registerTime) = month(CURRENT_DATE) AND year(clientinfo.registerTime) = year(CURRENT_DATE)
### Cause: java.sql.SQLSyntaxErrorException: Not unique table/alias: 'ClientAssign'
; bad SQL grammar []; nested exception is java.sql.SQLSyntaxErrorException: Not unique table/alias: 'ClientAssign'
2024-01-16 18:31:10 [http-nio-8081-exec-3] UncaughtExceptionAdvice.exceptionHandler::org.springframework.jdbc.BadSqlGrammarException: 
### Error querying database.  Cause: java.sql.SQLSyntaxErrorException: Not unique table/alias: 'ClientAssign'
### The error may exist in file [/Users/chengwenhao/Desktop/Project/Idea/lawofficecrm/target/classes/lj/mapper/client/ClientInfoMapper.xml]
### The error may involve lj.mapper.client.ClientInfoMapper.findAllPaged-Inline
### The error occurred while setting parameters
### SQL: SELECT count(0) FROM ClientInfo LEFT JOIN UserInfo ON UserInfo.UserId = ClientInfo.opUserId LEFT JOIN ClientAssign ON ClientAssign.clientId = ClientInfo.clientId LEFT JOIN UserInfo AS AssignUser ON AssignUser.UserId = ClientAssign.userId RIGHT JOIN ClientAssign ON ClientInfo.clientId = ClientAssign.clientId WHERE 1 = 1 AND ClientAssign.userId = ?
### Cause: java.sql.SQLSyntaxErrorException: Not unique table/alias: 'ClientAssign'
; bad SQL grammar []; nested exception is java.sql.SQLSyntaxErrorException: Not unique table/alias: 'ClientAssign'
2024-01-16 18:57:34 [http-nio-8081-exec-6] UncaughtExceptionAdvice.exceptionHandler::org.springframework.jdbc.BadSqlGrammarException: 
### Error querying database.  Cause: java.sql.SQLSyntaxErrorException: Not unique table/alias: 'ClientAssign'
### The error may exist in file [/Users/chengwenhao/Desktop/Project/Idea/lawofficecrm/target/classes/lj/mapper/client/ClientInfoMapper.xml]
### The error may involve lj.mapper.client.ClientInfoMapper.findAllPaged-Inline
### The error occurred while setting parameters
### SQL: SELECT count(0) FROM ClientInfo LEFT JOIN UserInfo ON UserInfo.UserId = ClientInfo.opUserId LEFT JOIN ClientAssign ON ClientAssign.clientId = ClientInfo.clientId LEFT JOIN UserInfo AS AssignUser ON AssignUser.UserId = ClientAssign.userId RIGHT JOIN ClientAssign ON ClientInfo.clientId = ClientAssign.clientId WHERE 1 = 1 AND ClientAssign.userId = ? AND month(clientinfo.registerTime) = month(CURRENT_DATE) AND year(clientinfo.registerTime) = year(CURRENT_DATE)
### Cause: java.sql.SQLSyntaxErrorException: Not unique table/alias: 'ClientAssign'
; bad SQL grammar []; nested exception is java.sql.SQLSyntaxErrorException: Not unique table/alias: 'ClientAssign'
2024-01-16 18:57:37 [http-nio-8081-exec-9] UncaughtExceptionAdvice.exceptionHandler::org.springframework.jdbc.BadSqlGrammarException: 
### Error querying database.  Cause: java.sql.SQLSyntaxErrorException: Not unique table/alias: 'ClientAssign'
### The error may exist in file [/Users/chengwenhao/Desktop/Project/Idea/lawofficecrm/target/classes/lj/mapper/client/ClientInfoMapper.xml]
### The error may involve lj.mapper.client.ClientInfoMapper.findAllPaged-Inline
### The error occurred while setting parameters
### SQL: SELECT count(0) FROM ClientInfo LEFT JOIN UserInfo ON UserInfo.UserId = ClientInfo.opUserId LEFT JOIN ClientAssign ON ClientAssign.clientId = ClientInfo.clientId LEFT JOIN UserInfo AS AssignUser ON AssignUser.UserId = ClientAssign.userId RIGHT JOIN ClientAssign ON ClientInfo.clientId = ClientAssign.clientId WHERE 1 = 1 AND ClientAssign.userId = ?
### Cause: java.sql.SQLSyntaxErrorException: Not unique table/alias: 'ClientAssign'
; bad SQL grammar []; nested exception is java.sql.SQLSyntaxErrorException: Not unique table/alias: 'ClientAssign'
2024-01-16 18:57:48 [http-nio-8081-exec-4] UncaughtExceptionAdvice.exceptionHandler::org.springframework.jdbc.BadSqlGrammarException: 
### Error querying database.  Cause: java.sql.SQLSyntaxErrorException: Not unique table/alias: 'ClientAssign'
### The error may exist in file [/Users/chengwenhao/Desktop/Project/Idea/lawofficecrm/target/classes/lj/mapper/client/ClientInfoMapper.xml]
### The error may involve lj.mapper.client.ClientInfoMapper.findAllPaged-Inline
### The error occurred while setting parameters
### SQL: SELECT count(0) FROM ClientInfo LEFT JOIN UserInfo ON UserInfo.UserId = ClientInfo.opUserId LEFT JOIN ClientAssign ON ClientAssign.clientId = ClientInfo.clientId LEFT JOIN UserInfo AS AssignUser ON AssignUser.UserId = ClientAssign.userId RIGHT JOIN ClientAssign ON ClientInfo.clientId = ClientAssign.clientId WHERE 1 = 1 AND ClientAssign.userId = ?
### Cause: java.sql.SQLSyntaxErrorException: Not unique table/alias: 'ClientAssign'
; bad SQL grammar []; nested exception is java.sql.SQLSyntaxErrorException: Not unique table/alias: 'ClientAssign'
2024-01-16 19:16:23 [http-nio-8081-exec-1] UncaughtExceptionAdvice.exceptionHandler::lj.exception.user.AuthorizationException
2024-01-16 19:19:09 [http-nio-8081-exec-1] UncaughtExceptionAdvice.exceptionHandler::lj.exception.user.AuthorizationException
2024-01-16 19:19:23 [http-nio-8081-exec-5] UncaughtExceptionAdvice.exceptionHandler::org.springframework.jdbc.BadSqlGrammarException: 
### Error querying database.  Cause: java.sql.SQLSyntaxErrorException: Unknown column 'ClientAssign.userId' in 'on clause'
### The error may exist in file [/Users/chengwenhao/Desktop/Project/Idea/lawofficecrm/target/classes/lj/mapper/client/ClientInfoMapper.xml]
### The error may involve lj.mapper.client.ClientInfoMapper.findAllPaged-Inline
### The error occurred while setting parameters
### SQL: SELECT count(0) FROM ClientInfo LEFT JOIN UserInfo ON UserInfo.UserId = ClientInfo.opUserId LEFT JOIN UserInfo AS AssignUser ON AssignUser.UserId = ClientAssign.userId RIGHT JOIN ClientAssign ON ClientInfo.clientId = ClientAssign.clientId WHERE 1 = 1 AND ClientAssign.userId = ? AND month(clientinfo.registerTime) = month(CURRENT_DATE) AND year(clientinfo.registerTime) = year(CURRENT_DATE)
### Cause: java.sql.SQLSyntaxErrorException: Unknown column 'ClientAssign.userId' in 'on clause'
; bad SQL grammar []; nested exception is java.sql.SQLSyntaxErrorException: Unknown column 'ClientAssign.userId' in 'on clause'
2024-01-16 19:19:33 [http-nio-8081-exec-7] UncaughtExceptionAdvice.exceptionHandler::org.springframework.jdbc.BadSqlGrammarException: 
### Error querying database.  Cause: java.sql.SQLSyntaxErrorException: Unknown column 'ClientAssign.userId' in 'on clause'
### The error may exist in file [/Users/chengwenhao/Desktop/Project/Idea/lawofficecrm/target/classes/lj/mapper/client/ClientInfoMapper.xml]
### The error may involve lj.mapper.client.ClientInfoMapper.findAllPaged-Inline
### The error occurred while setting parameters
### SQL: SELECT count(0) FROM ClientInfo LEFT JOIN UserInfo ON UserInfo.UserId = ClientInfo.opUserId LEFT JOIN UserInfo AS AssignUser ON AssignUser.UserId = ClientAssign.userId RIGHT JOIN ClientAssign ON ClientInfo.clientId = ClientAssign.clientId WHERE 1 = 1 AND ClientAssign.userId = ?
### Cause: java.sql.SQLSyntaxErrorException: Unknown column 'ClientAssign.userId' in 'on clause'
; bad SQL grammar []; nested exception is java.sql.SQLSyntaxErrorException: Unknown column 'ClientAssign.userId' in 'on clause'
2024-01-16 19:20:10 [http-nio-8081-exec-1] UncaughtExceptionAdvice.exceptionHandler::org.springframework.jdbc.BadSqlGrammarException: 
### Error querying database.  Cause: java.sql.SQLSyntaxErrorException: Unknown column 'ClientAssign.userId' in 'on clause'
### The error may exist in file [/Users/chengwenhao/Desktop/Project/Idea/lawofficecrm/target/classes/lj/mapper/client/ClientInfoMapper.xml]
### The error may involve lj.mapper.client.ClientInfoMapper.findAllPaged-Inline
### The error occurred while setting parameters
### SQL: SELECT count(0) FROM ClientInfo LEFT JOIN UserInfo ON UserInfo.UserId = ClientInfo.opUserId LEFT JOIN UserInfo AS AssignUser ON AssignUser.UserId = ClientAssign.userId RIGHT JOIN ClientAssign ON ClientInfo.clientId = ClientAssign.clientId WHERE 1 = 1 AND ClientAssign.userId = ?
### Cause: java.sql.SQLSyntaxErrorException: Unknown column 'ClientAssign.userId' in 'on clause'
; bad SQL grammar []; nested exception is java.sql.SQLSyntaxErrorException: Unknown column 'ClientAssign.userId' in 'on clause'
2024-01-16 19:22:00 [http-nio-8081-exec-1] UncaughtExceptionAdvice.exceptionHandler::lj.exception.user.AuthorizationException
2024-01-16 19:22:02 [http-nio-8081-exec-4] UncaughtExceptionAdvice.exceptionHandler::org.springframework.jdbc.BadSqlGrammarException: 
### Error querying database.  Cause: java.sql.SQLSyntaxErrorException: Not unique table/alias: 'ClientAssign'
### The error may exist in file [/Users/chengwenhao/Desktop/Project/Idea/lawofficecrm/target/classes/lj/mapper/client/ClientInfoMapper.xml]
### The error may involve lj.mapper.client.ClientInfoMapper.findAllPaged-Inline
### The error occurred while setting parameters
### SQL: SELECT count(0) FROM ClientInfo LEFT JOIN UserInfo ON UserInfo.UserId = ClientInfo.opUserId LEFT JOIN ClientAssign ON ClientAssign.clientId = ClientInfo.clientId LEFT JOIN UserInfo AS AssignUser ON AssignUser.UserId = ClientAssign.userId RIGHT JOIN ClientAssign ON ClientInfo.clientId = ClientAssign.clientId WHERE 1 = 1 AND ClientAssign.userId = ? AND month(clientinfo.registerTime) = month(CURRENT_DATE) AND year(clientinfo.registerTime) = year(CURRENT_DATE)
### Cause: java.sql.SQLSyntaxErrorException: Not unique table/alias: 'ClientAssign'
; bad SQL grammar []; nested exception is java.sql.SQLSyntaxErrorException: Not unique table/alias: 'ClientAssign'
2024-01-16 19:22:04 [http-nio-8081-exec-6] UncaughtExceptionAdvice.exceptionHandler::org.springframework.jdbc.BadSqlGrammarException: 
### Error querying database.  Cause: java.sql.SQLSyntaxErrorException: Not unique table/alias: 'ClientAssign'
### The error may exist in file [/Users/chengwenhao/Desktop/Project/Idea/lawofficecrm/target/classes/lj/mapper/client/ClientInfoMapper.xml]
### The error may involve lj.mapper.client.ClientInfoMapper.findAllPaged-Inline
### The error occurred while setting parameters
### SQL: SELECT count(0) FROM ClientInfo LEFT JOIN UserInfo ON UserInfo.UserId = ClientInfo.opUserId LEFT JOIN ClientAssign ON ClientAssign.clientId = ClientInfo.clientId LEFT JOIN UserInfo AS AssignUser ON AssignUser.UserId = ClientAssign.userId RIGHT JOIN ClientAssign ON ClientInfo.clientId = ClientAssign.clientId WHERE 1 = 1 AND ClientAssign.userId = ?
### Cause: java.sql.SQLSyntaxErrorException: Not unique table/alias: 'ClientAssign'
; bad SQL grammar []; nested exception is java.sql.SQLSyntaxErrorException: Not unique table/alias: 'ClientAssign'
2024-01-16 19:27:57 [http-nio-8081-exec-10] UncaughtExceptionAdvice.exceptionHandler::org.springframework.jdbc.BadSqlGrammarException: 
### Error querying database.  Cause: java.sql.SQLSyntaxErrorException: Not unique table/alias: 'ClientAssign'
### The error may exist in file [/Users/chengwenhao/Desktop/Project/Idea/lawofficecrm/target/classes/lj/mapper/client/ClientInfoMapper.xml]
### The error may involve lj.mapper.client.ClientInfoMapper.findAllPaged-Inline
### The error occurred while setting parameters
### SQL: SELECT count(0) FROM ClientInfo LEFT JOIN UserInfo ON UserInfo.UserId = ClientInfo.opUserId LEFT JOIN ClientAssign ON ClientAssign.clientId = ClientInfo.clientId LEFT JOIN UserInfo AS AssignUser ON AssignUser.UserId = ClientAssign.userId RIGHT JOIN ClientAssign ON ClientInfo.clientId = ClientAssign.clientId WHERE 1 = 1 AND ClientAssign.userId = ? AND month(clientinfo.registerTime) = month(CURRENT_DATE) AND year(clientinfo.registerTime) = year(CURRENT_DATE)
### Cause: java.sql.SQLSyntaxErrorException: Not unique table/alias: 'ClientAssign'
; bad SQL grammar []; nested exception is java.sql.SQLSyntaxErrorException: Not unique table/alias: 'ClientAssign'
2024-01-16 19:28:00 [http-nio-8081-exec-2] UncaughtExceptionAdvice.exceptionHandler::org.springframework.jdbc.BadSqlGrammarException: 
### Error querying database.  Cause: java.sql.SQLSyntaxErrorException: Not unique table/alias: 'ClientAssign'
### The error may exist in file [/Users/chengwenhao/Desktop/Project/Idea/lawofficecrm/target/classes/lj/mapper/client/ClientInfoMapper.xml]
### The error may involve lj.mapper.client.ClientInfoMapper.findAllPaged-Inline
### The error occurred while setting parameters
### SQL: SELECT count(0) FROM ClientInfo LEFT JOIN UserInfo ON UserInfo.UserId = ClientInfo.opUserId LEFT JOIN ClientAssign ON ClientAssign.clientId = ClientInfo.clientId LEFT JOIN UserInfo AS AssignUser ON AssignUser.UserId = ClientAssign.userId RIGHT JOIN ClientAssign ON ClientInfo.clientId = ClientAssign.clientId WHERE 1 = 1 AND ClientAssign.userId = ? AND month(clientinfo.registerTime) = month(CURRENT_DATE) AND year(clientinfo.registerTime) = year(CURRENT_DATE)
### Cause: java.sql.SQLSyntaxErrorException: Not unique table/alias: 'ClientAssign'
; bad SQL grammar []; nested exception is java.sql.SQLSyntaxErrorException: Not unique table/alias: 'ClientAssign'
2024-01-16 19:28:11 [http-nio-8081-exec-1] UncaughtExceptionAdvice.exceptionHandler::lj.exception.user.AuthorizationException
2024-01-16 19:28:14 [http-nio-8081-exec-4] UncaughtExceptionAdvice.exceptionHandler::org.springframework.jdbc.BadSqlGrammarException: 
### Error querying database.  Cause: java.sql.SQLSyntaxErrorException: Unknown column 'ClientAssign.userId' in 'on clause'
### The error may exist in file [/Users/chengwenhao/Desktop/Project/Idea/lawofficecrm/target/classes/lj/mapper/client/ClientInfoMapper.xml]
### The error may involve lj.mapper.client.ClientInfoMapper.findAllPaged-Inline
### The error occurred while setting parameters
### SQL: SELECT count(0) FROM ClientInfo LEFT JOIN UserInfo ON UserInfo.UserId = ClientInfo.opUserId LEFT JOIN UserInfo AS AssignUser ON AssignUser.UserId = ClientAssign.userId RIGHT JOIN ClientAssign ON ClientInfo.clientId = ClientAssign.clientId WHERE 1 = 1 AND ClientAssign.userId = ? AND month(clientinfo.registerTime) = month(CURRENT_DATE) AND year(clientinfo.registerTime) = year(CURRENT_DATE)
### Cause: java.sql.SQLSyntaxErrorException: Unknown column 'ClientAssign.userId' in 'on clause'
; bad SQL grammar []; nested exception is java.sql.SQLSyntaxErrorException: Unknown column 'ClientAssign.userId' in 'on clause'
2024-01-16 19:28:16 [http-nio-8081-exec-6] UncaughtExceptionAdvice.exceptionHandler::org.springframework.jdbc.BadSqlGrammarException: 
### Error querying database.  Cause: java.sql.SQLSyntaxErrorException: Unknown column 'ClientAssign.userId' in 'on clause'
### The error may exist in file [/Users/chengwenhao/Desktop/Project/Idea/lawofficecrm/target/classes/lj/mapper/client/ClientInfoMapper.xml]
### The error may involve lj.mapper.client.ClientInfoMapper.findAllPaged-Inline
### The error occurred while setting parameters
### SQL: SELECT count(0) FROM ClientInfo LEFT JOIN UserInfo ON UserInfo.UserId = ClientInfo.opUserId LEFT JOIN UserInfo AS AssignUser ON AssignUser.UserId = ClientAssign.userId RIGHT JOIN ClientAssign ON ClientInfo.clientId = ClientAssign.clientId WHERE 1 = 1 AND ClientAssign.userId = ?
### Cause: java.sql.SQLSyntaxErrorException: Unknown column 'ClientAssign.userId' in 'on clause'
; bad SQL grammar []; nested exception is java.sql.SQLSyntaxErrorException: Unknown column 'ClientAssign.userId' in 'on clause'
2024-01-16 19:28:24 [http-nio-8081-exec-8] UncaughtExceptionAdvice.exceptionHandler::org.springframework.jdbc.BadSqlGrammarException: 
### Error querying database.  Cause: java.sql.SQLSyntaxErrorException: Unknown column 'ClientAssign.userId' in 'on clause'
### The error may exist in file [/Users/chengwenhao/Desktop/Project/Idea/lawofficecrm/target/classes/lj/mapper/client/ClientInfoMapper.xml]
### The error may involve lj.mapper.client.ClientInfoMapper.findAllPaged-Inline
### The error occurred while setting parameters
### SQL: SELECT count(0) FROM ClientInfo LEFT JOIN UserInfo ON UserInfo.UserId = ClientInfo.opUserId LEFT JOIN UserInfo AS AssignUser ON AssignUser.UserId = ClientAssign.userId RIGHT JOIN ClientAssign ON ClientInfo.clientId = ClientAssign.clientId WHERE 1 = 1 AND ClientAssign.userId = ?
### Cause: java.sql.SQLSyntaxErrorException: Unknown column 'ClientAssign.userId' in 'on clause'
; bad SQL grammar []; nested exception is java.sql.SQLSyntaxErrorException: Unknown column 'ClientAssign.userId' in 'on clause'
2024-01-16 19:30:35 [http-nio-8081-exec-2] UncaughtExceptionAdvice.exceptionHandler::org.springframework.jdbc.BadSqlGrammarException: 
### Error querying database.  Cause: java.sql.SQLSyntaxErrorException: Unknown column 'ClientAssign.userId' in 'on clause'
### The error may exist in file [/Users/chengwenhao/Desktop/Project/Idea/lawofficecrm/target/classes/lj/mapper/client/ClientInfoMapper.xml]
### The error may involve lj.mapper.client.ClientInfoMapper.findAllPaged-Inline
### The error occurred while setting parameters
### SQL: SELECT count(0) FROM ClientInfo LEFT JOIN UserInfo ON UserInfo.UserId = ClientInfo.opUserId LEFT JOIN UserInfo AS AssignUser ON AssignUser.UserId = ClientAssign.userId RIGHT JOIN ClientAssign ON ClientInfo.clientId = ClientAssign.clientId WHERE 1 = 1 AND ClientAssign.userId = ? AND month(clientinfo.registerTime) = month(CURRENT_DATE) AND year(clientinfo.registerTime) = year(CURRENT_DATE)
### Cause: java.sql.SQLSyntaxErrorException: Unknown column 'ClientAssign.userId' in 'on clause'
; bad SQL grammar []; nested exception is java.sql.SQLSyntaxErrorException: Unknown column 'ClientAssign.userId' in 'on clause'
2024-01-16 19:31:05 [http-nio-8081-exec-1] UncaughtExceptionAdvice.exceptionHandler::lj.exception.user.AuthorizationException
2024-01-16 19:31:07 [http-nio-8081-exec-4] UncaughtExceptionAdvice.exceptionHandler::org.springframework.jdbc.BadSqlGrammarException: 
### Error querying database.  Cause: java.sql.SQLSyntaxErrorException: Unknown column 'ClientAssign.userId' in 'on clause'
### The error may exist in file [/Users/chengwenhao/Desktop/Project/Idea/lawofficecrm/target/classes/lj/mapper/client/ClientInfoMapper.xml]
### The error may involve lj.mapper.client.ClientInfoMapper.findAllPaged-Inline
### The error occurred while setting parameters
### SQL: SELECT count(0) FROM ClientInfo LEFT JOIN UserInfo ON UserInfo.UserId = ClientInfo.opUserId LEFT JOIN UserInfo AS AssignUser ON AssignUser.UserId = ClientAssign.userId RIGHT JOIN ClientAssign ON ClientInfo.clientId = ClientAssign.clientId WHERE 1 = 1 AND ClientAssign.userId = ? AND month(clientinfo.registerTime) = month(CURRENT_DATE) AND year(clientinfo.registerTime) = year(CURRENT_DATE)
### Cause: java.sql.SQLSyntaxErrorException: Unknown column 'ClientAssign.userId' in 'on clause'
; bad SQL grammar []; nested exception is java.sql.SQLSyntaxErrorException: Unknown column 'ClientAssign.userId' in 'on clause'
2024-01-16 19:31:08 [http-nio-8081-exec-6] UncaughtExceptionAdvice.exceptionHandler::org.springframework.jdbc.BadSqlGrammarException: 
### Error querying database.  Cause: java.sql.SQLSyntaxErrorException: Unknown column 'ClientAssign.userId' in 'on clause'
### The error may exist in file [/Users/chengwenhao/Desktop/Project/Idea/lawofficecrm/target/classes/lj/mapper/client/ClientInfoMapper.xml]
### The error may involve lj.mapper.client.ClientInfoMapper.findAllPaged-Inline
### The error occurred while setting parameters
### SQL: SELECT count(0) FROM ClientInfo LEFT JOIN UserInfo ON UserInfo.UserId = ClientInfo.opUserId LEFT JOIN UserInfo AS AssignUser ON AssignUser.UserId = ClientAssign.userId RIGHT JOIN ClientAssign ON ClientInfo.clientId = ClientAssign.clientId WHERE 1 = 1 AND ClientAssign.userId = ?
### Cause: java.sql.SQLSyntaxErrorException: Unknown column 'ClientAssign.userId' in 'on clause'
; bad SQL grammar []; nested exception is java.sql.SQLSyntaxErrorException: Unknown column 'ClientAssign.userId' in 'on clause'
2024-01-16 19:32:19 [http-nio-8081-exec-1] UncaughtExceptionAdvice.exceptionHandler::lj.exception.user.AuthorizationException
